[debug] [2021-01-03T06:17:49.128Z] ----------------------------------------------------------------------
[debug] [2021-01-03T06:17:49.130Z] Command:       C:\Program Files\node.js\node.exe C:\Users\ziyaa\AppData\Roaming\npm\node_modules\firebase-tools\lib\bin\firebase.js deploy
[debug] [2021-01-03T06:17:49.131Z] CLI Version:   9.1.0
[debug] [2021-01-03T06:17:49.131Z] Platform:      win32
[debug] [2021-01-03T06:17:49.131Z] Node Version:  v14.15.0
[debug] [2021-01-03T06:17:49.132Z] Time:          Sun Jan 03 2021 11:47:49 GMT+0530 (India Standard Time)
[debug] [2021-01-03T06:17:49.132Z] ----------------------------------------------------------------------
[debug] [2021-01-03T06:17:49.132Z] 
[debug] [2021-01-03T06:17:49.140Z] > command requires scopes: ["email","openid","https://www.googleapis.com/auth/cloudplatformprojects.readonly","https://www.googleapis.com/auth/firebase","https://www.googleapis.com/auth/cloud-platform"]
[debug] [2021-01-03T06:17:49.141Z] > authorizing via signed-in user
[debug] [2021-01-03T06:17:49.141Z] [iam] checking project chat-web-app-e5515 for permissions ["firebase.projects.get","firebasedatabase.instances.update","firebasehosting.sites.update"]
[debug] [2021-01-03T06:17:49.144Z] >>> HTTP REQUEST POST https://cloudresourcemanager.googleapis.com/v1/projects/chat-web-app-e5515:testIamPermissions  
 {"permissions":["firebase.projects.get","firebasedatabase.instances.update","firebasehosting.sites.update"]}
[debug] [2021-01-03T06:17:50.847Z] <<< HTTP RESPONSE 200 {"content-type":"application/json; charset=UTF-8","vary":"X-Origin, Referer, Origin,Accept-Encoding","date":"Sun, 03 Jan 2021 06:17:50 GMT","server":"ESF","cache-control":"private","x-xss-protection":"0","x-frame-options":"SAMEORIGIN","x-content-type-options":"nosniff","server-timing":"gfet4t7; dur=1484","alt-svc":"h3-29=\":443\"; ma=2592000,h3-T051=\":443\"; ma=2592000,h3-Q050=\":443\"; ma=2592000,h3-Q046=\":443\"; ma=2592000,h3-Q043=\":443\"; ma=2592000,quic=\":443\"; ma=2592000; v=\"46,43\"","accept-ranges":"none","transfer-encoding":"chunked"}
[debug] [2021-01-03T06:17:50.849Z] >>> HTTP REQUEST GET https://firebase.googleapis.com/v1beta1/projects/chat-web-app-e5515  
 
[debug] [2021-01-03T06:17:51.229Z] <<< HTTP RESPONSE 200 {"content-type":"application/json; charset=UTF-8","vary":"X-Origin, Referer, Origin,Accept-Encoding","date":"Sun, 03 Jan 2021 06:17:50 GMT","server":"ESF","cache-control":"private","x-xss-protection":"0","x-frame-options":"SAMEORIGIN","x-content-type-options":"nosniff","alt-svc":"h3-29=\":443\"; ma=2592000,h3-T051=\":443\"; ma=2592000,h3-Q050=\":443\"; ma=2592000,h3-Q046=\":443\"; ma=2592000,h3-Q043=\":443\"; ma=2592000,quic=\":443\"; ma=2592000; v=\"46,43\"","accept-ranges":"none","transfer-encoding":"chunked"}
[debug] [2021-01-03T06:17:51.231Z] >>> HTTP REQUEST GET https://firebase.googleapis.com/v1beta1/projects/chat-web-app-e5515  
 
[debug] [2021-01-03T06:17:51.572Z] <<< HTTP RESPONSE 200 {"content-type":"application/json; charset=UTF-8","vary":"X-Origin, Referer, Origin,Accept-Encoding","date":"Sun, 03 Jan 2021 06:17:51 GMT","server":"ESF","cache-control":"private","x-xss-protection":"0","x-frame-options":"SAMEORIGIN","x-content-type-options":"nosniff","alt-svc":"h3-29=\":443\"; ma=2592000,h3-T051=\":443\"; ma=2592000,h3-Q050=\":443\"; ma=2592000,h3-Q046=\":443\"; ma=2592000,h3-Q043=\":443\"; ma=2592000,quic=\":443\"; ma=2592000; v=\"46,43\"","accept-ranges":"none","transfer-encoding":"chunked"}
[info] 
[info] === Deploying to 'chat-web-app-e5515'...
[info] 
[info] i  deploying database, hosting 
[info] Running command: npm run build
